­ƒöì Searching for user: ary.rosario19@gmail.com...
node.exe : ÔØî Promotion failed:
At line:1 char:1
+ & "C:\Program Files\nodejs/node.exe" "C:\Program Files\nodejs/node_mo ...
+ ~~~~~~~~~~~~~~~~~~~~~~~~~~~~~~~~~~~~~~~~~~~~~~~~~~~~~~~~~~~~~~~~~~~~~
    + CategoryInfo          : NotSpecified: (ÔØî Promotion failed::String) [], RemoteException
    + FullyQualifiedErrorId : NativeCommandError
 
PrismaClientKnownRequestError: 
Invalid `prisma.$queryRawUnsafe()` invocation:


Raw query failed. Code: `N/A`. Message: `Operation has timed out`
    at zr.handleRequestError (C:\Users\Arismendy\OneDrive\Escritorio\Free Interpreters\Interpreter 
Plastform\free-interpreters-os\node_modules\@prisma\client\src\runtime\RequestHandler.ts:237:13)
    at zr.handleAndLogRequestError (C:\Users\Arismendy\OneDrive\Escritorio\Free Interpreters\Interpreter 
Plastform\free-interpreters-os\node_modules\@prisma\client\src\runtime\RequestHandler.ts:183:12)
    at zr.request (C:\Users\Arismendy\OneDrive\Escritorio\Free Interpreters\Interpreter 
Plastform\free-interpreters-os\node_modules\@prisma\client\src\runtime\RequestHandler.ts:152:12)
    at process.processTicksAndRejections (node:internal/process/task_queues:105:5)
    at async a (C:\Users\Arismendy\OneDrive\Escritorio\Free Interpreters\Interpreter 
Plastform\free-interpreters-os\node_modules\@prisma\client\src\runtime\getPrismaClient.ts:963:24)
    at async promote (C:\Users\Arismendy\OneDrive\Escritorio\Free Interpreters\Interpreter 
Plastform\free-interpreters-os\scripts\promote-admin.ts:23:26) {
  code: 'P2010',
  meta: {
    driverAdapterError: DriverAdapterError: SocketTimeout
        at PrismaPgAdapter.onError (file:///C:/Users/Arismendy/OneDrive/Escritorio/Free%20Interpreters/Interpreter%20Pl
astform/free-interpreters-os/node_modules/@prisma/adapter-pg/dist/index.mjs:642:11)
        at PrismaPgAdapter.performIO (file:///C:/Users/Arismendy/OneDrive/Escritorio/Free%20Interpreters/Interpreter%20
Plastform/free-interpreters-os/node_modules/@prisma/adapter-pg/dist/index.mjs:637:12)
        at process.processTicksAndRejections (node:internal/process/task_queues:105:5)
        at async PrismaPgAdapter.queryRaw (file:///C:/Users/Arismendy/OneDrive/Escritorio/Free%20Interpreters/Interpret
er%20Plastform/free-interpreters-os/node_modules/@prisma/adapter-pg/dist/index.mjs:568:30)
        at async e.interpretNode (C:\Users\Arismendy\OneDrive\Escritorio\Free Interpreters\Interpreter 
Plastform\free-interpreters-os\node_modules\@prisma\client-engine-runtime\src\interpreter\query-interpreter.ts:186:26)
        at async e.run (C:\Users\Arismendy\OneDrive\Escritorio\Free Interpreters\Interpreter 
Plastform\free-interpreters-os\node_modules\@prisma\client-engine-runtime\src\interpreter\query-interpreter.ts:94:23)
        at async e.execute (C:\Users\Arismendy\OneDrive\Escritorio\Free Interpreters\Interpreter 
Plastform\free-interpreters-os\node_modules\@prisma\client\src\runtime\core\engines\client\LocalExecutor.ts:81:12)
        at async jt.request (C:\Users\Arismendy\OneDrive\Escritorio\Free Interpreters\Interpreter 
Plastform\free-interpreters-os\node_modules\@prisma\client\src\runtime\core\engines\client\ClientEngine.ts:504:22)
        at async Object.singleLoader (C:\Users\Arismendy\OneDrive\Escritorio\Free Interpreters\Interpreter 
Plastform\free-interpreters-os\node_modules\@prisma\client\src\runtime\RequestHandler.ts:112:26)
        at async zr.request (C:\Users\Arismendy\OneDrive\Escritorio\Free Interpreters\Interpreter 
Plastform\free-interpreters-os\node_modules\@prisma\client\src\runtime\RequestHandler.ts:149:14) {
      cause: [Object]
    }
  },
  clientVersion: '7.8.0'
}
